[2022-08-09T15:33:53.215] [ERROR] application - Executing (default): DROP TABLE IF EXISTS `sys_dictionaries`;
[2022-08-09T15:33:53.218] [ERROR] application - Executing (default): DROP TABLE IF EXISTS `sys_project`;
[2022-08-09T15:33:53.219] [ERROR] application - Executing (default): DROP TABLE IF EXISTS `sys_roles`;
[2022-08-09T15:33:53.219] [ERROR] application - Executing (default): DROP TABLE IF EXISTS `sys_users`;
[2022-08-09T15:33:53.228] [ERROR] application - Executing (default): DROP TABLE IF EXISTS `sys_user_roles`;
[2022-08-09T15:33:53.246] [ERROR] application - Executing (default): CREATE TABLE IF NOT EXISTS `sys_project` (`id` INTEGER NOT NULL auto_increment , `projectName` VARCHAR(255) NOT NULL UNIQUE COMMENT '项目名称', `projectToken` VARCHAR(255) NOT NULL COMMENT '项目token', `projectDescribe` VARCHAR(255) DEFAULT '' COMMENT '项目描述', `createdAt` DATETIME NOT NULL, `updatedAt` DATETIME NOT NULL, PRIMARY KEY (`id`)) ENGINE=InnoDB;
[2022-08-09T15:33:53.248] [ERROR] application - Executing (default): CREATE TABLE IF NOT EXISTS `sys_dictionaries` (`id` INTEGER NOT NULL auto_increment , `key` VARCHAR(255) NOT NULL UNIQUE COMMENT '用户字典字段', `value` VARCHAR(255) NOT NULL COMMENT '用户字典字值', `name` VARCHAR(255) DEFAULT '' COMMENT '别名', `status` INTEGER DEFAULT 0 COMMENT '0激活,1禁用,2回收站', `createdAt` DATETIME NOT NULL, `updatedAt` DATETIME NOT NULL, PRIMARY KEY (`id`)) ENGINE=InnoDB;
[2022-08-09T15:33:53.249] [ERROR] application - Executing (default): CREATE TABLE IF NOT EXISTS `sys_roles` (`id` INTEGER NOT NULL auto_increment , `roleName` VARCHAR(255) NOT NULL UNIQUE COMMENT '角色名称', `roleCode` VARCHAR(255) NOT NULL UNIQUE COMMENT '角色代码', `isDefault` INTEGER DEFAULT 0 COMMENT '0非默认角色,1默认角色', `status` INTEGER DEFAULT 0 COMMENT '0激活,1禁用,2回收站', `createdAt` DATETIME NOT NULL, `updatedAt` DATETIME NOT NULL, PRIMARY KEY (`id`)) ENGINE=InnoDB;
[2022-08-09T15:33:53.252] [ERROR] application - Executing (default): CREATE TABLE IF NOT EXISTS `sys_users` (`id` INTEGER NOT NULL auto_increment , `username` VARCHAR(255) NOT NULL UNIQUE COMMENT '用户名', `password` VARCHAR(255) NOT NULL COMMENT '密码', `email` VARCHAR(255) NOT NULL COMMENT '电子邮件', `phone` VARCHAR(255) COMMENT '手机号码', `status` INTEGER DEFAULT 0 COMMENT '0激活,1禁用,2回收站', `createdAt` DATETIME NOT NULL, `updatedAt` DATETIME NOT NULL, PRIMARY KEY (`id`)) ENGINE=InnoDB;
[2022-08-09T15:33:53.282] [ERROR] application - Executing (default): CREATE TABLE IF NOT EXISTS `sys_user_roles` (`id` INTEGER NOT NULL auto_increment , `uid` INTEGER NOT NULL COMMENT '用户id', `rid` INTEGER NOT NULL COMMENT '角色id', `createdAt` DATETIME NOT NULL, `updatedAt` DATETIME NOT NULL, PRIMARY KEY (`id`)) ENGINE=InnoDB;
[2022-08-09T15:33:53.298] [ERROR] application - Executing (default): SHOW INDEX FROM `sys_roles`
[2022-08-09T15:33:53.309] [ERROR] application - Executing (default): SHOW INDEX FROM `sys_project`
[2022-08-09T15:33:53.314] [ERROR] application - Executing (default): SHOW INDEX FROM `sys_users`
[2022-08-09T15:33:53.322] [ERROR] application - Executing (default): SHOW INDEX FROM `sys_user_roles`
[2022-08-09T15:33:53.328] [ERROR] application - Executing (default): SHOW INDEX FROM `sys_dictionaries`
[2022-08-09T15:33:53.385] [ERROR] application - Executing (default): INSERT INTO `sys_user_roles` (`id`,`uid`,`rid`,`createdAt`,`updatedAt`) VALUES (DEFAULT,?,?,?,?);
[2022-08-09T15:33:53.387] [ERROR] application - Executing (default): INSERT INTO `sys_roles` (`id`,`roleName`,`roleCode`,`isDefault`,`status`,`createdAt`,`updatedAt`) VALUES (DEFAULT,?,?,?,?,?,?);
[2022-08-09T15:33:53.388] [ERROR] application - Executing (default): INSERT INTO `sys_users` (`id`,`username`,`password`,`email`,`phone`,`status`,`createdAt`,`updatedAt`) VALUES (DEFAULT,?,?,?,?,?,?,?);
[2022-08-09T17:08:17.986] [ERROR] application - Executing (default): DROP TABLE IF EXISTS `sys_dictionaries`;
[2022-08-09T17:08:17.988] [ERROR] application - Executing (default): DROP TABLE IF EXISTS `sys_project`;
[2022-08-09T17:08:17.994] [ERROR] application - Executing (default): DROP TABLE IF EXISTS `sys_roles`;
[2022-08-09T17:08:17.995] [ERROR] application - Executing (default): DROP TABLE IF EXISTS `sys_users`;
[2022-08-09T17:08:18.012] [ERROR] application - Executing (default): DROP TABLE IF EXISTS `sys_user_roles`;
[2022-08-09T17:08:18.018] [ERROR] application - Executing (default): CREATE TABLE IF NOT EXISTS `sys_project` (`id` INTEGER NOT NULL auto_increment , `projectName` VARCHAR(255) NOT NULL UNIQUE COMMENT '项目名称', `projectToken` VARCHAR(255) NOT NULL COMMENT '项目token', `projectDescribe` VARCHAR(255) DEFAULT '' COMMENT '项目描述', `createdAt` DATETIME NOT NULL, `updatedAt` DATETIME NOT NULL, PRIMARY KEY (`id`)) ENGINE=InnoDB;
[2022-08-09T17:08:18.019] [ERROR] application - Executing (default): CREATE TABLE IF NOT EXISTS `sys_dictionaries` (`id` INTEGER NOT NULL auto_increment , `key` VARCHAR(255) NOT NULL UNIQUE COMMENT '用户字典字段', `value` VARCHAR(255) NOT NULL COMMENT '用户字典字值', `name` VARCHAR(255) DEFAULT '' COMMENT '别名', `status` INTEGER DEFAULT 0 COMMENT '0激活,1禁用,2回收站', `createdAt` DATETIME NOT NULL, `updatedAt` DATETIME NOT NULL, PRIMARY KEY (`id`)) ENGINE=InnoDB;
[2022-08-09T17:08:18.023] [ERROR] application - Executing (default): CREATE TABLE IF NOT EXISTS `sys_roles` (`id` INTEGER NOT NULL auto_increment , `roleName` VARCHAR(255) NOT NULL UNIQUE COMMENT '角色名称', `roleCode` VARCHAR(255) NOT NULL UNIQUE COMMENT '角色代码', `isDefault` INTEGER DEFAULT 0 COMMENT '0非默认角色,1默认角色', `status` INTEGER DEFAULT 0 COMMENT '0激活,1禁用,2回收站', `createdAt` DATETIME NOT NULL, `updatedAt` DATETIME NOT NULL, PRIMARY KEY (`id`)) ENGINE=InnoDB;
[2022-08-09T17:08:18.028] [ERROR] application - Executing (default): CREATE TABLE IF NOT EXISTS `sys_users` (`id` INTEGER NOT NULL auto_increment , `username` VARCHAR(255) NOT NULL UNIQUE COMMENT '用户名', `password` VARCHAR(255) NOT NULL COMMENT '密码', `email` VARCHAR(255) NOT NULL COMMENT '电子邮件', `phone` VARCHAR(255) COMMENT '手机号码', `status` INTEGER DEFAULT 0 COMMENT '0激活,1禁用,2回收站', `createdAt` DATETIME NOT NULL, `updatedAt` DATETIME NOT NULL, PRIMARY KEY (`id`)) ENGINE=InnoDB;
[2022-08-09T17:08:18.046] [ERROR] application - Executing (default): CREATE TABLE IF NOT EXISTS `sys_user_roles` (`id` INTEGER NOT NULL auto_increment , `uid` INTEGER NOT NULL COMMENT '用户id', `rid` INTEGER NOT NULL COMMENT '角色id', `createdAt` DATETIME NOT NULL, `updatedAt` DATETIME NOT NULL, PRIMARY KEY (`id`)) ENGINE=InnoDB;
[2022-08-09T17:08:18.053] [ERROR] application - Executing (default): SHOW INDEX FROM `sys_project`
[2022-08-09T17:08:18.070] [ERROR] application - Executing (default): SHOW INDEX FROM `sys_roles`
[2022-08-09T17:08:18.079] [ERROR] application - Executing (default): SHOW INDEX FROM `sys_dictionaries`
[2022-08-09T17:08:18.091] [ERROR] application - Executing (default): SHOW INDEX FROM `sys_users`
[2022-08-09T17:08:18.092] [ERROR] application - Executing (default): SHOW INDEX FROM `sys_user_roles`
[2022-08-09T17:08:18.158] [ERROR] application - Executing (default): INSERT INTO `sys_user_roles` (`id`,`uid`,`rid`,`createdAt`,`updatedAt`) VALUES (DEFAULT,?,?,?,?);
[2022-08-09T17:08:18.160] [ERROR] application - Executing (default): INSERT INTO `sys_roles` (`id`,`roleName`,`roleCode`,`isDefault`,`status`,`createdAt`,`updatedAt`) VALUES (DEFAULT,?,?,?,?,?,?);
[2022-08-09T17:08:18.160] [ERROR] application - Executing (default): INSERT INTO `sys_users` (`id`,`username`,`password`,`email`,`phone`,`status`,`createdAt`,`updatedAt`) VALUES (DEFAULT,?,?,?,?,?,?,?);
