[2022-08-04T15:49:14.050] [ERROR] application - Executing (default): SELECT `value` FROM `sys_dictionaries` AS `s` WHERE `s`.`key` = 'JWT_SECRET' AND `s`.`status` = 0;
[2022-08-04T15:50:19.146] [ERROR] application - Executing (default): SELECT `value` FROM `sys_dictionaries` AS `s` WHERE `s`.`key` = 'JWT_SECRET' AND `s`.`status` = 0;
[2022-08-04T15:51:09.360] [ERROR] application - Executing (default): SELECT `value` FROM `sys_dictionaries` AS `s` WHERE `s`.`key` = 'JWT_SECRET' AND `s`.`status` = 0;
[2022-08-04T15:53:24.595] [ERROR] application - Executing (default): SELECT `value` FROM `sys_dictionaries` AS `s` WHERE `s`.`key` = 'JWT_SECRET' AND `s`.`status` = 0;
[2022-08-04T16:39:31.177] [ERROR] application - Executing (default): SELECT `value` FROM `sys_dictionaries` AS `s` WHERE `s`.`key` = 'JWT_SECRET' AND `s`.`status` = 0;
[2022-08-04T16:40:43.261] [ERROR] application - Executing (default): SELECT `value` FROM `sys_dictionaries` AS `s` WHERE `s`.`key` = 'JWT_SECRET' AND `s`.`status` = 0;
[2022-08-04T16:41:07.815] [ERROR] application - Executing (default): SELECT `value` FROM `sys_dictionaries` AS `s` WHERE `s`.`key` = 'JWT_SECRET' AND `s`.`status` = 0;
[2022-08-04T16:43:50.030] [ERROR] application - Executing (default): SELECT `value` FROM `sys_dictionaries` AS `s` WHERE `s`.`key` = 'JWT_SECRET' AND `s`.`status` = 0;
[2022-08-04T16:44:05.635] [ERROR] application - Executing (default): SELECT `value` FROM `sys_dictionaries` AS `s` WHERE `s`.`key` = 'JWT_SECRET' AND `s`.`status` = 0;
[2022-08-04T16:44:12.909] [ERROR] application - Executing (default): SELECT `value` FROM `sys_dictionaries` AS `s` WHERE `s`.`key` = 'JWT_SECRET' AND `s`.`status` = 0;
[2022-08-04T16:45:06.452] [ERROR] application - Executing (default): SELECT `value` FROM `sys_dictionaries` AS `s` WHERE `s`.`key` = 'JWT_SECRET' AND `s`.`status` = 0;
[2022-08-04T16:45:21.226] [ERROR] application - Executing (default): SELECT `value` FROM `sys_dictionaries` AS `a` WHERE `a`.`key` = 'JWT_SECRET' AND `a`.`status` = 0;
[2022-08-04T16:45:33.742] [ERROR] application - Executing (default): SELECT `value` FROM `sys_dictionaries` AS `a` WHERE `a`.`key` = 'JWT_SECRET' AND `a`.`status` = 0;
[2022-08-04T16:45:45.641] [ERROR] application - Executing (default): SELECT `value` FROM `sys_dictionaries` AS `a` WHERE `a`.`key` = 'JWT_SECRET' AND `a`.`status` = 0;
[2022-08-04T16:46:04.680] [ERROR] application - Executing (default): SELECT `value` FROM `sys_dictionaries` AS `s` WHERE `s`.`key` = 'JWT_SECRET' AND `s`.`status` = 0;
[2022-08-04T16:46:41.639] [ERROR] application - Executing (default): SELECT `value` FROM `sys_dictionaries` AS `s` WHERE `s`.`key` = 'JWT_SECRET' AND `s`.`status` = 0;
[2022-08-04T16:47:12.974] [ERROR] application - Executing (default): SELECT `value` FROM `sys_dictionaries` AS `s` WHERE `s`.`key` = 'JWT_SECRET' AND `s`.`status` = 0;
[2022-08-04T16:47:25.787] [ERROR] application - Executing (default): SELECT `value` FROM `sys_dictionaries` AS `s` WHERE `s`.`key` = 'JWT_SECRET' AND `s`.`status` = 0;
[2022-08-04T16:47:28.810] [ERROR] application - Executing (default): SELECT `value` FROM `sys_dictionaries` AS `s` WHERE `s`.`key` = 'JWT_SECRET' AND `s`.`status` = 0;
[2022-08-04T16:48:00.883] [ERROR] application - Executing (default): SELECT `value` FROM `sys_dictionaries` AS `s` WHERE `s`.`key` = 'JWT_SECRET' AND `s`.`status` = 0;
[2022-08-04T16:48:06.767] [ERROR] application - Executing (default): SELECT `value` FROM `sys_dictionaries` AS `s` WHERE `s`.`key` = 'JWT_SECRET' AND `s`.`status` = 0;
[2022-08-04T16:48:15.255] [ERROR] application - Executing (default): SELECT `value` FROM `sys_dictionaries` AS `s` WHERE `s`.`key` = 'JWT_SECRET' AND `s`.`status` = 0;
[2022-08-04T16:48:19.312] [ERROR] application - Executing (default): SELECT `value` FROM `sys_dictionaries` AS `s` WHERE `s`.`key` = 'JWT_SECRET' AND `s`.`status` = 0;
[2022-08-04T16:48:34.776] [ERROR] application - Executing (default): SELECT `value` FROM `sys_dictionaries` AS `s` WHERE `s`.`key` = 'JWT_SECRET' AND `s`.`status` = 0;
[2022-08-04T16:48:43.652] [ERROR] application - Executing (default): SELECT `value` FROM `sys_dictionaries` AS `s` WHERE `s`.`key` = 'JWT_SECRET' AND `s`.`status` = 0;
[2022-08-04T16:50:29.354] [ERROR] application - Executing (default): SELECT `value` FROM `sys_dictionaries` AS `s` WHERE `s`.`key` = 'JWT_SECRET' AND `s`.`status` = 0;
[2022-08-04T16:52:24.386] [ERROR] application - Executing (default): SELECT count(*) AS `count` FROM `sys_roles` AS `n`;
[2022-08-04T16:52:24.431] [ERROR] application - Executing (default): SELECT `id`, `name`, `rid`, `status`, `createdAt`, `updatedAt` FROM `sys_roles` AS `n` LIMIT 9, 1;
[2022-08-04T16:54:30.964] [ERROR] application - Executing (default): SELECT `value` FROM `sys_dictionaries` AS `s` WHERE `s`.`key` = 'JWT_SECRET' AND `s`.`status` = 0;
[2022-08-04T16:54:40.009] [ERROR] application - Executing (default): SELECT `value` FROM `sys_dictionaries` AS `s` WHERE `s`.`key` = 'JWT_SECRET' AND `s`.`status` = 0;
[2022-08-04T16:55:57.360] [ERROR] application - Executing (default): SELECT `value` FROM `sys_dictionaries` AS `s` WHERE `s`.`key` = 'JWT_SECRET' AND `s`.`status` = 0;
[2022-08-04T16:56:03.646] [ERROR] application - Executing (default): SELECT `value` FROM `sys_dictionaries` AS `s` WHERE `s`.`key` = 'JWT_SECRET' AND `s`.`status` = 0;
[2022-08-04T16:56:22.498] [ERROR] application - Executing (default): SELECT `value` FROM `sys_dictionaries` AS `s` WHERE `s`.`key` = 'JWT_SECRET' AND `s`.`status` = 0;
[2022-08-04T16:57:42.570] [ERROR] application - Executing (default): SELECT `value` FROM `sys_dictionaries` AS `s` WHERE `s`.`key` = 'JWT_SECRET' AND `s`.`status` = 0;
[2022-08-04T16:58:13.983] [ERROR] application - Executing (default): SELECT `value` FROM `sys_dictionaries` AS `s` WHERE `s`.`key` = 'JWT_SECRET' AND `s`.`status` = 0;
[2022-08-04T16:59:33.266] [ERROR] application - Executing (default): SELECT `value` FROM `sys_dictionaries` AS `s` WHERE `s`.`key` = 'JWT_SECRET' AND `s`.`status` = 0;
[2022-08-04T16:59:53.694] [ERROR] application - Executing (default): SELECT `value` FROM `sys_dictionaries` AS `s` WHERE `s`.`key` = 'JWT_SECRET' AND `s`.`status` = 0;
[2022-08-04T17:00:16.087] [ERROR] application - Executing (default): SELECT `value` FROM `sys_dictionaries` AS `k` WHERE `k`.`key` = 'JWT_SECRET' AND `k`.`status` = 0;
[2022-08-04T17:01:02.568] [ERROR] application - Executing (default): SELECT `value` FROM `sys_dictionaries` AS `k` WHERE `k`.`key` = 'JWT_SECRET' AND `k`.`status` = 0;
[2022-08-04T17:01:56.453] [ERROR] application - Executing (default): SELECT `value` FROM `sys_dictionaries` AS `k` WHERE `k`.`key` = 'JWT_SECRET' AND `k`.`status` = 0;
[2022-08-04T17:02:25.990] [ERROR] application - Executing (default): SELECT `value` FROM `sys_dictionaries` AS `k` WHERE `k`.`key` = 'JWT_SECRET' AND `k`.`status` = 0;
[2022-08-04T17:02:36.155] [ERROR] application - Executing (default): SELECT `value` FROM `sys_dictionaries` AS `k` WHERE `k`.`key` = 'JWT_SECRET' AND `k`.`status` = 0;
[2022-08-04T17:02:46.517] [ERROR] application - Executing (default): SELECT `value` FROM `sys_dictionaries` AS `k` WHERE `k`.`key` = 'JWT_SECRET' AND `k`.`status` = 0;
[2022-08-04T17:12:45.919] [ERROR] application - Executing (default): SELECT count(*) AS `count` FROM `sys_roles` AS `u`;
[2022-08-04T17:12:45.961] [ERROR] application - Executing (default): SELECT `id`, `name`, `status`, `createdAt`, `updatedAt` FROM `sys_roles` AS `u` LIMIT 9, 1;
[2022-08-04T17:14:41.990] [ERROR] application - Executing (default): SELECT count(*) AS `count` FROM `sys_roles` AS `u`;
[2022-08-04T17:14:42.032] [ERROR] application - Executing (default): SELECT `id`, `name`, `status`, `createdAt`, `updatedAt` FROM `sys_roles` AS `u` LIMIT 9, 1;
[2022-08-04T17:17:14.594] [ERROR] application - Executing (default): SELECT count(*) AS `count` FROM `sys_roles` AS `u`;
[2022-08-04T17:17:14.634] [ERROR] application - Executing (default): SELECT `id`, `name`, `status`, `createdAt`, `updatedAt` FROM `sys_roles` AS `u` LIMIT 9, 1;
[2022-08-04T17:18:02.768] [ERROR] application - Executing (default): SELECT count(*) AS `count` FROM `sys_roles` AS `u`;
[2022-08-04T17:18:02.804] [ERROR] application - Executing (default): SELECT `id`, `name`, `status`, `createdAt`, `updatedAt` FROM `sys_roles` AS `u` LIMIT 9, 1;
[2022-08-04T17:18:07.680] [ERROR] application - Executing (default): SELECT count(*) AS `count` FROM `sys_roles` AS `u`;
[2022-08-04T17:18:07.708] [ERROR] application - Executing (default): SELECT `id`, `name`, `status`, `createdAt`, `updatedAt` FROM `sys_roles` AS `u` LIMIT 9, 1;
[2022-08-04T17:18:16.310] [ERROR] application - Executing (default): SELECT count(*) AS `count` FROM `sys_roles` AS `u`;
[2022-08-04T17:18:16.346] [ERROR] application - Executing (default): SELECT `id`, `name`, `status`, `createdAt`, `updatedAt` FROM `sys_roles` AS `u` LIMIT 9, 1;
[2022-08-04T17:20:45.176] [ERROR] application - Executing (default): SELECT count(*) AS `count` FROM `sys_roles` AS `u`;
[2022-08-04T17:20:45.208] [ERROR] application - Executing (default): SELECT `id`, `name`, `status`, `createdAt`, `updatedAt` FROM `sys_roles` AS `u` LIMIT 9, 1;
[2022-08-04T18:00:10.655] [ERROR] application - Executing (default): SELECT `id`, `username`, `password`, `email`, `phone`, `status`, `createdAt`, `updatedAt` FROM `sys_users` AS `u` WHERE `u`.`username` = 'aaa';
[2022-08-04T18:10:06.037] [ERROR] application - Executing (default): SELECT `id`, `username`, `password`, `email`, `phone`, `status`, `createdAt`, `updatedAt` FROM `sys_users` AS `u` WHERE `u`.`username` = 'aaa' AND `u`.`password` = 'a7b81a26a4814d01829759a79b901361';
[2022-08-04T18:10:25.812] [ERROR] application - Executing (default): SELECT `id`, `username`, `password`, `email`, `phone`, `status`, `createdAt`, `updatedAt` FROM `sys_users` AS `u` WHERE `u`.`username` = 'aaa' AND `u`.`password` = 'a7b81a26a4814d01829759a79b901361';
[2022-08-04T18:10:58.074] [ERROR] application - Executing (default): SELECT `id`, `username`, `password`, `email`, `phone`, `status`, `createdAt`, `updatedAt` FROM `sys_users` AS `u` WHERE `u`.`username` = 'aaa' AND `u`.`password` = 'a7b81a26a4814d01829759a79b901361';
[2022-08-04T18:11:04.399] [ERROR] application - Executing (default): SELECT `id`, `username`, `password`, `email`, `phone`, `status`, `createdAt`, `updatedAt` FROM `sys_users` AS `u` WHERE `u`.`username` = 'aaa' AND `u`.`password` = 'a7b81a26a4814d01829759a79b901361';
[2022-08-04T18:11:05.213] [ERROR] application - Executing (default): SELECT `id`, `username`, `password`, `email`, `phone`, `status`, `createdAt`, `updatedAt` FROM `sys_users` AS `u` WHERE `u`.`username` = 'aaa' AND `u`.`password` = 'a7b81a26a4814d01829759a79b901361';
[2022-08-04T18:11:05.877] [ERROR] application - Executing (default): SELECT `id`, `username`, `password`, `email`, `phone`, `status`, `createdAt`, `updatedAt` FROM `sys_users` AS `u` WHERE `u`.`username` = 'aaa' AND `u`.`password` = 'a7b81a26a4814d01829759a79b901361';
[2022-08-04T18:11:06.245] [ERROR] application - Executing (default): SELECT `id`, `username`, `password`, `email`, `phone`, `status`, `createdAt`, `updatedAt` FROM `sys_users` AS `u` WHERE `u`.`username` = 'aaa' AND `u`.`password` = 'a7b81a26a4814d01829759a79b901361';
[2022-08-04T18:11:18.513] [ERROR] application - Executing (default): SELECT `id`, `username`, `password`, `email`, `phone`, `status`, `createdAt`, `updatedAt` FROM `sys_users` AS `u` WHERE `u`.`username` = 'aaa' AND `u`.`password` = 'a7b81a26a4814d01829759a79b901361';
[2022-08-04T18:12:59.889] [ERROR] application - Executing (default): SELECT `id`, `username`, `password`, `email`, `phone`, `status`, `createdAt`, `updatedAt` FROM `sys_users` AS `u` WHERE `u`.`username` = 'aaa' AND `u`.`password` = 'a7b81a26a4814d01829759a79b901361';
[2022-08-04T18:13:09.141] [ERROR] application - Executing (default): SELECT `id`, `username`, `password`, `email`, `phone`, `status`, `createdAt`, `updatedAt` FROM `sys_users` AS `u` WHERE `u`.`username` = 'aaa' AND `u`.`password` = 'e587bab8005bbcff9587afa330762f04';
[2022-08-04T18:13:36.192] [ERROR] application - Executing (default): SELECT `id`, `username`, `password`, `email`, `phone`, `status`, `createdAt`, `updatedAt` FROM `sys_users` AS `u` WHERE `u`.`username` = 'aaa' AND `u`.`password` = 'e587bab8005bbcff9587afa330762f04';
[2022-08-04T18:14:49.715] [ERROR] application - Executing (default): SELECT `id`, `username`, `password`, `email`, `phone`, `status`, `createdAt`, `updatedAt` FROM `sys_users` AS `u` WHERE `u`.`username` = 'aaa' AND `u`.`password` = 'e587bab8005bbcff9587afa330762f04';
[2022-08-04T18:15:53.029] [ERROR] application - Executing (default): SELECT `id`, `username`, `password`, `email`, `phone`, `status`, `createdAt`, `updatedAt` FROM `sys_users` AS `u` WHERE `u`.`username` = 'aaa' AND `u`.`password` = 'e587bab8005bbcff9587afa330762f04';
[2022-08-04T18:15:53.089] [ERROR] application - Error: Expected "payload" to be a plain object.
    at validate (E:\forever25\tricolorcat\serve\node_modules\.pnpm\registry.npmmirror.com+jsonwebtoken@8.5.1\node_modules\jsonwebtoken\sign.js:40:11)
    at validatePayload (E:\forever25\tricolorcat\serve\node_modules\.pnpm\registry.npmmirror.com+jsonwebtoken@8.5.1\node_modules\jsonwebtoken\sign.js:62:10)
    at Object.sign (E:\forever25\tricolorcat\serve\node_modules\.pnpm\registry.npmmirror.com+jsonwebtoken@8.5.1\node_modules\jsonwebtoken\sign.js:114:7)
    at login (E:\forever25\tricolorcat\serve\dist\/main.js:1:3148)
    at processTicksAndRejections (node:internal/process/task_queues:96:5)
    at cors (E:\forever25\tricolorcat\serve\node_modules\.pnpm\registry.npmmirror.com+@koa+cors@3.3.0\node_modules\@koa\cors\index.js:60:32)
    at bodyParser (E:\forever25\tricolorcat\serve\node_modules\.pnpm\registry.npmmirror.com+koa-bodyparser@4.3.0\node_modules\koa-bodyparser\index.js:95:5)
    at E:\forever25\tricolorcat\serve\node_modules\.pnpm\registry.npmmirror.com+koa-log4@2.3.2\node_modules\koa-log4\koa-logger.js:86:7
[2022-08-04T18:15:56.537] [ERROR] application - Executing (default): SELECT `id`, `username`, `password`, `email`, `phone`, `status`, `createdAt`, `updatedAt` FROM `sys_users` AS `u` WHERE `u`.`username` = 'aaa' AND `u`.`password` = 'e587bab8005bbcff9587afa330762f04';
[2022-08-04T18:15:56.568] [ERROR] application - Error: Expected "payload" to be a plain object.
    at validate (E:\forever25\tricolorcat\serve\node_modules\.pnpm\registry.npmmirror.com+jsonwebtoken@8.5.1\node_modules\jsonwebtoken\sign.js:40:11)
    at validatePayload (E:\forever25\tricolorcat\serve\node_modules\.pnpm\registry.npmmirror.com+jsonwebtoken@8.5.1\node_modules\jsonwebtoken\sign.js:62:10)
    at Object.sign (E:\forever25\tricolorcat\serve\node_modules\.pnpm\registry.npmmirror.com+jsonwebtoken@8.5.1\node_modules\jsonwebtoken\sign.js:114:7)
    at login (E:\forever25\tricolorcat\serve\dist\/main.js:1:3148)
    at processTicksAndRejections (node:internal/process/task_queues:96:5)
    at cors (E:\forever25\tricolorcat\serve\node_modules\.pnpm\registry.npmmirror.com+@koa+cors@3.3.0\node_modules\@koa\cors\index.js:60:32)
    at bodyParser (E:\forever25\tricolorcat\serve\node_modules\.pnpm\registry.npmmirror.com+koa-bodyparser@4.3.0\node_modules\koa-bodyparser\index.js:95:5)
    at E:\forever25\tricolorcat\serve\node_modules\.pnpm\registry.npmmirror.com+koa-log4@2.3.2\node_modules\koa-log4\koa-logger.js:86:7
[2022-08-04T18:15:57.592] [ERROR] application - Executing (default): SELECT `id`, `username`, `password`, `email`, `phone`, `status`, `createdAt`, `updatedAt` FROM `sys_users` AS `u` WHERE `u`.`username` = 'aaa' AND `u`.`password` = 'e587bab8005bbcff9587afa330762f04';
[2022-08-04T18:15:57.622] [ERROR] application - Error: Expected "payload" to be a plain object.
    at validate (E:\forever25\tricolorcat\serve\node_modules\.pnpm\registry.npmmirror.com+jsonwebtoken@8.5.1\node_modules\jsonwebtoken\sign.js:40:11)
    at validatePayload (E:\forever25\tricolorcat\serve\node_modules\.pnpm\registry.npmmirror.com+jsonwebtoken@8.5.1\node_modules\jsonwebtoken\sign.js:62:10)
    at Object.sign (E:\forever25\tricolorcat\serve\node_modules\.pnpm\registry.npmmirror.com+jsonwebtoken@8.5.1\node_modules\jsonwebtoken\sign.js:114:7)
    at login (E:\forever25\tricolorcat\serve\dist\/main.js:1:3148)
    at processTicksAndRejections (node:internal/process/task_queues:96:5)
    at cors (E:\forever25\tricolorcat\serve\node_modules\.pnpm\registry.npmmirror.com+@koa+cors@3.3.0\node_modules\@koa\cors\index.js:60:32)
    at bodyParser (E:\forever25\tricolorcat\serve\node_modules\.pnpm\registry.npmmirror.com+koa-bodyparser@4.3.0\node_modules\koa-bodyparser\index.js:95:5)
    at E:\forever25\tricolorcat\serve\node_modules\.pnpm\registry.npmmirror.com+koa-log4@2.3.2\node_modules\koa-log4\koa-logger.js:86:7
[2022-08-04T18:15:58.264] [ERROR] application - Executing (default): SELECT `id`, `username`, `password`, `email`, `phone`, `status`, `createdAt`, `updatedAt` FROM `sys_users` AS `u` WHERE `u`.`username` = 'aaa' AND `u`.`password` = 'e587bab8005bbcff9587afa330762f04';
[2022-08-04T18:15:58.295] [ERROR] application - Error: Expected "payload" to be a plain object.
    at validate (E:\forever25\tricolorcat\serve\node_modules\.pnpm\registry.npmmirror.com+jsonwebtoken@8.5.1\node_modules\jsonwebtoken\sign.js:40:11)
    at validatePayload (E:\forever25\tricolorcat\serve\node_modules\.pnpm\registry.npmmirror.com+jsonwebtoken@8.5.1\node_modules\jsonwebtoken\sign.js:62:10)
    at Object.sign (E:\forever25\tricolorcat\serve\node_modules\.pnpm\registry.npmmirror.com+jsonwebtoken@8.5.1\node_modules\jsonwebtoken\sign.js:114:7)
    at login (E:\forever25\tricolorcat\serve\dist\/main.js:1:3148)
    at processTicksAndRejections (node:internal/process/task_queues:96:5)
    at cors (E:\forever25\tricolorcat\serve\node_modules\.pnpm\registry.npmmirror.com+@koa+cors@3.3.0\node_modules\@koa\cors\index.js:60:32)
    at bodyParser (E:\forever25\tricolorcat\serve\node_modules\.pnpm\registry.npmmirror.com+koa-bodyparser@4.3.0\node_modules\koa-bodyparser\index.js:95:5)
    at E:\forever25\tricolorcat\serve\node_modules\.pnpm\registry.npmmirror.com+koa-log4@2.3.2\node_modules\koa-log4\koa-logger.js:86:7
[2022-08-04T18:16:12.160] [ERROR] application - Executing (default): SELECT `id`, `username`, `password`, `email`, `phone`, `status`, `createdAt`, `updatedAt` FROM `sys_users` AS `u` WHERE `u`.`username` = 'aaa' AND `u`.`password` = 'e587bab8005bbcff9587afa330762f04';
[2022-08-04T18:16:12.198] [ERROR] application - Error: Expected "payload" to be a plain object.
    at validate (E:\forever25\tricolorcat\serve\node_modules\.pnpm\registry.npmmirror.com+jsonwebtoken@8.5.1\node_modules\jsonwebtoken\sign.js:40:11)
    at validatePayload (E:\forever25\tricolorcat\serve\node_modules\.pnpm\registry.npmmirror.com+jsonwebtoken@8.5.1\node_modules\jsonwebtoken\sign.js:62:10)
    at Object.sign (E:\forever25\tricolorcat\serve\node_modules\.pnpm\registry.npmmirror.com+jsonwebtoken@8.5.1\node_modules\jsonwebtoken\sign.js:114:7)
    at login (E:\forever25\tricolorcat\serve\dist\/main.js:1:3148)
    at processTicksAndRejections (node:internal/process/task_queues:96:5)
    at cors (E:\forever25\tricolorcat\serve\node_modules\.pnpm\registry.npmmirror.com+@koa+cors@3.3.0\node_modules\@koa\cors\index.js:60:32)
    at bodyParser (E:\forever25\tricolorcat\serve\node_modules\.pnpm\registry.npmmirror.com+koa-bodyparser@4.3.0\node_modules\koa-bodyparser\index.js:95:5)
    at E:\forever25\tricolorcat\serve\node_modules\.pnpm\registry.npmmirror.com+koa-log4@2.3.2\node_modules\koa-log4\koa-logger.js:86:7
[2022-08-04T18:17:49.468] [ERROR] application - Executing (default): SELECT `id`, `username`, `password`, `email`, `phone`, `status`, `createdAt`, `updatedAt` FROM `sys_users` AS `u` WHERE `u`.`username` = 'aaa' AND `u`.`password` = 'e587bab8005bbcff9587afa330762f04';
[2022-08-04T18:17:49.512] [ERROR] application - Error: Expected "payload" to be a plain object.
    at validate (E:\forever25\tricolorcat\serve\node_modules\.pnpm\registry.npmmirror.com+jsonwebtoken@8.5.1\node_modules\jsonwebtoken\sign.js:40:11)
    at validatePayload (E:\forever25\tricolorcat\serve\node_modules\.pnpm\registry.npmmirror.com+jsonwebtoken@8.5.1\node_modules\jsonwebtoken\sign.js:62:10)
    at Object.sign (E:\forever25\tricolorcat\serve\node_modules\.pnpm\registry.npmmirror.com+jsonwebtoken@8.5.1\node_modules\jsonwebtoken\sign.js:114:7)
    at login (E:\forever25\tricolorcat\serve\dist\/main.js:1:3148)
    at processTicksAndRejections (node:internal/process/task_queues:96:5)
    at cors (E:\forever25\tricolorcat\serve\node_modules\.pnpm\registry.npmmirror.com+@koa+cors@3.3.0\node_modules\@koa\cors\index.js:60:32)
    at bodyParser (E:\forever25\tricolorcat\serve\node_modules\.pnpm\registry.npmmirror.com+koa-bodyparser@4.3.0\node_modules\koa-bodyparser\index.js:95:5)
    at E:\forever25\tricolorcat\serve\node_modules\.pnpm\registry.npmmirror.com+koa-log4@2.3.2\node_modules\koa-log4\koa-logger.js:86:7
[2022-08-04T18:18:49.017] [ERROR] application - Executing (default): SELECT `id`, `username`, `password`, `email`, `phone`, `status`, `createdAt`, `updatedAt` FROM `sys_users` AS `u` WHERE `u`.`username` = 'aaa' AND `u`.`password` = 'e587bab8005bbcff9587afa330762f04';
[2022-08-04T18:18:49.077] [ERROR] application - Error: Expected "payload" to be a plain object.
    at validate (E:\forever25\tricolorcat\serve\node_modules\.pnpm\registry.npmmirror.com+jsonwebtoken@8.5.1\node_modules\jsonwebtoken\sign.js:40:11)
    at validatePayload (E:\forever25\tricolorcat\serve\node_modules\.pnpm\registry.npmmirror.com+jsonwebtoken@8.5.1\node_modules\jsonwebtoken\sign.js:62:10)
    at Object.sign (E:\forever25\tricolorcat\serve\node_modules\.pnpm\registry.npmmirror.com+jsonwebtoken@8.5.1\node_modules\jsonwebtoken\sign.js:114:7)
    at login (E:\forever25\tricolorcat\serve\dist\/main.js:1:3189)
    at processTicksAndRejections (node:internal/process/task_queues:96:5)
    at cors (E:\forever25\tricolorcat\serve\node_modules\.pnpm\registry.npmmirror.com+@koa+cors@3.3.0\node_modules\@koa\cors\index.js:60:32)
    at bodyParser (E:\forever25\tricolorcat\serve\node_modules\.pnpm\registry.npmmirror.com+koa-bodyparser@4.3.0\node_modules\koa-bodyparser\index.js:95:5)
    at E:\forever25\tricolorcat\serve\node_modules\.pnpm\registry.npmmirror.com+koa-log4@2.3.2\node_modules\koa-log4\koa-logger.js:86:7
[2022-08-04T18:18:52.542] [ERROR] application - Executing (default): SELECT `id`, `username`, `password`, `email`, `phone`, `status`, `createdAt`, `updatedAt` FROM `sys_users` AS `u` WHERE `u`.`username` = 'aaa' AND `u`.`password` = 'e587bab8005bbcff9587afa330762f04';
[2022-08-04T18:18:52.574] [ERROR] application - Error: Expected "payload" to be a plain object.
    at validate (E:\forever25\tricolorcat\serve\node_modules\.pnpm\registry.npmmirror.com+jsonwebtoken@8.5.1\node_modules\jsonwebtoken\sign.js:40:11)
    at validatePayload (E:\forever25\tricolorcat\serve\node_modules\.pnpm\registry.npmmirror.com+jsonwebtoken@8.5.1\node_modules\jsonwebtoken\sign.js:62:10)
    at Object.sign (E:\forever25\tricolorcat\serve\node_modules\.pnpm\registry.npmmirror.com+jsonwebtoken@8.5.1\node_modules\jsonwebtoken\sign.js:114:7)
    at login (E:\forever25\tricolorcat\serve\dist\/main.js:1:3189)
    at processTicksAndRejections (node:internal/process/task_queues:96:5)
    at cors (E:\forever25\tricolorcat\serve\node_modules\.pnpm\registry.npmmirror.com+@koa+cors@3.3.0\node_modules\@koa\cors\index.js:60:32)
    at bodyParser (E:\forever25\tricolorcat\serve\node_modules\.pnpm\registry.npmmirror.com+koa-bodyparser@4.3.0\node_modules\koa-bodyparser\index.js:95:5)
    at E:\forever25\tricolorcat\serve\node_modules\.pnpm\registry.npmmirror.com+koa-log4@2.3.2\node_modules\koa-log4\koa-logger.js:86:7
[2022-08-04T18:19:16.742] [ERROR] application - Executing (default): SELECT `id`, `username`, `password`, `email`, `phone`, `status`, `createdAt`, `updatedAt` FROM `sys_users` AS `u` WHERE `u`.`username` = 'aaa' AND `u`.`password` = 'e587bab8005bbcff9587afa330762f04';
[2022-08-04T18:19:16.824] [ERROR] application - Error: Expected "payload" to be a plain object.
    at validate (E:\forever25\tricolorcat\serve\node_modules\.pnpm\registry.npmmirror.com+jsonwebtoken@8.5.1\node_modules\jsonwebtoken\sign.js:40:11)
    at validatePayload (E:\forever25\tricolorcat\serve\node_modules\.pnpm\registry.npmmirror.com+jsonwebtoken@8.5.1\node_modules\jsonwebtoken\sign.js:62:10)
    at Object.sign (E:\forever25\tricolorcat\serve\node_modules\.pnpm\registry.npmmirror.com+jsonwebtoken@8.5.1\node_modules\jsonwebtoken\sign.js:114:7)
    at login (E:\forever25\tricolorcat\serve\dist\/main.js:1:3192)
    at processTicksAndRejections (node:internal/process/task_queues:96:5)
    at cors (E:\forever25\tricolorcat\serve\node_modules\.pnpm\registry.npmmirror.com+@koa+cors@3.3.0\node_modules\@koa\cors\index.js:60:32)
    at bodyParser (E:\forever25\tricolorcat\serve\node_modules\.pnpm\registry.npmmirror.com+koa-bodyparser@4.3.0\node_modules\koa-bodyparser\index.js:95:5)
    at E:\forever25\tricolorcat\serve\node_modules\.pnpm\registry.npmmirror.com+koa-log4@2.3.2\node_modules\koa-log4\koa-logger.js:86:7
[2022-08-04T18:19:18.308] [ERROR] application - Executing (default): SELECT `id`, `username`, `password`, `email`, `phone`, `status`, `createdAt`, `updatedAt` FROM `sys_users` AS `u` WHERE `u`.`username` = 'aaa' AND `u`.`password` = 'e587bab8005bbcff9587afa330762f04';
[2022-08-04T18:19:18.339] [ERROR] application - Error: Expected "payload" to be a plain object.
    at validate (E:\forever25\tricolorcat\serve\node_modules\.pnpm\registry.npmmirror.com+jsonwebtoken@8.5.1\node_modules\jsonwebtoken\sign.js:40:11)
    at validatePayload (E:\forever25\tricolorcat\serve\node_modules\.pnpm\registry.npmmirror.com+jsonwebtoken@8.5.1\node_modules\jsonwebtoken\sign.js:62:10)
    at Object.sign (E:\forever25\tricolorcat\serve\node_modules\.pnpm\registry.npmmirror.com+jsonwebtoken@8.5.1\node_modules\jsonwebtoken\sign.js:114:7)
    at login (E:\forever25\tricolorcat\serve\dist\/main.js:1:3192)
    at processTicksAndRejections (node:internal/process/task_queues:96:5)
    at cors (E:\forever25\tricolorcat\serve\node_modules\.pnpm\registry.npmmirror.com+@koa+cors@3.3.0\node_modules\@koa\cors\index.js:60:32)
    at bodyParser (E:\forever25\tricolorcat\serve\node_modules\.pnpm\registry.npmmirror.com+koa-bodyparser@4.3.0\node_modules\koa-bodyparser\index.js:95:5)
    at E:\forever25\tricolorcat\serve\node_modules\.pnpm\registry.npmmirror.com+koa-log4@2.3.2\node_modules\koa-log4\koa-logger.js:86:7
[2022-08-04T18:22:38.114] [ERROR] application - Executing (default): SELECT `id`, `username`, `password`, `email`, `phone`, `status`, `createdAt`, `updatedAt` FROM `sys_users` AS `u` WHERE `u`.`username` = 'aaa';
[2022-08-04T18:23:54.948] [ERROR] application - Executing (default): SELECT `id`, `username`, `password`, `email`, `phone`, `status`, `createdAt`, `updatedAt` FROM `sys_users` AS `u` WHERE `u`.`username` = 'aaa' AND `u`.`password` = 'e587bab8005bbcff9587afa330762f04';
[2022-08-04T18:23:55.000] [ERROR] application - Error: payload is required
    at Object.sign (E:\forever25\tricolorcat\serve\node_modules\.pnpm\registry.npmmirror.com+jsonwebtoken@8.5.1\node_modules\jsonwebtoken\sign.js:111:20)
    at login (E:\forever25\tricolorcat\serve\dist\/main.js:1:3179)
    at processTicksAndRejections (node:internal/process/task_queues:96:5)
    at cors (E:\forever25\tricolorcat\serve\node_modules\.pnpm\registry.npmmirror.com+@koa+cors@3.3.0\node_modules\@koa\cors\index.js:60:32)
    at bodyParser (E:\forever25\tricolorcat\serve\node_modules\.pnpm\registry.npmmirror.com+koa-bodyparser@4.3.0\node_modules\koa-bodyparser\index.js:95:5)
    at E:\forever25\tricolorcat\serve\node_modules\.pnpm\registry.npmmirror.com+koa-log4@2.3.2\node_modules\koa-log4\koa-logger.js:86:7
[2022-08-04T18:24:31.755] [ERROR] application - Executing (default): SELECT `id`, `username`, `password`, `email`, `phone`, `status`, `createdAt`, `updatedAt` FROM `sys_users` AS `u` WHERE `u`.`username` = 'aaa' AND `u`.`password` = 'e587bab8005bbcff9587afa330762f04';
[2022-08-04T18:24:31.821] [ERROR] application - Error: Expected "payload" to be a plain object.
    at validate (E:\forever25\tricolorcat\serve\node_modules\.pnpm\registry.npmmirror.com+jsonwebtoken@8.5.1\node_modules\jsonwebtoken\sign.js:40:11)
    at validatePayload (E:\forever25\tricolorcat\serve\node_modules\.pnpm\registry.npmmirror.com+jsonwebtoken@8.5.1\node_modules\jsonwebtoken\sign.js:62:10)
    at Object.sign (E:\forever25\tricolorcat\serve\node_modules\.pnpm\registry.npmmirror.com+jsonwebtoken@8.5.1\node_modules\jsonwebtoken\sign.js:114:7)
    at login (E:\forever25\tricolorcat\serve\dist\/main.js:1:3139)
    at processTicksAndRejections (node:internal/process/task_queues:96:5)
    at cors (E:\forever25\tricolorcat\serve\node_modules\.pnpm\registry.npmmirror.com+@koa+cors@3.3.0\node_modules\@koa\cors\index.js:60:32)
    at bodyParser (E:\forever25\tricolorcat\serve\node_modules\.pnpm\registry.npmmirror.com+koa-bodyparser@4.3.0\node_modules\koa-bodyparser\index.js:95:5)
    at E:\forever25\tricolorcat\serve\node_modules\.pnpm\registry.npmmirror.com+koa-log4@2.3.2\node_modules\koa-log4\koa-logger.js:86:7
[2022-08-04T18:24:52.206] [ERROR] application - Executing (default): SELECT `id`, `username`, `password`, `email`, `phone`, `status`, `createdAt`, `updatedAt` FROM `sys_users` AS `u` WHERE `u`.`username` = 'aaa' AND `u`.`password` = 'e587bab8005bbcff9587afa330762f04';
[2022-08-04T18:24:52.277] [ERROR] application - Error: Expected "payload" to be a plain object.
    at validate (E:\forever25\tricolorcat\serve\node_modules\.pnpm\registry.npmmirror.com+jsonwebtoken@8.5.1\node_modules\jsonwebtoken\sign.js:40:11)
    at validatePayload (E:\forever25\tricolorcat\serve\node_modules\.pnpm\registry.npmmirror.com+jsonwebtoken@8.5.1\node_modules\jsonwebtoken\sign.js:62:10)
    at Object.sign (E:\forever25\tricolorcat\serve\node_modules\.pnpm\registry.npmmirror.com+jsonwebtoken@8.5.1\node_modules\jsonwebtoken\sign.js:114:7)
    at login (E:\forever25\tricolorcat\serve\dist\/main.js:1:3144)
    at processTicksAndRejections (node:internal/process/task_queues:96:5)
    at cors (E:\forever25\tricolorcat\serve\node_modules\.pnpm\registry.npmmirror.com+@koa+cors@3.3.0\node_modules\@koa\cors\index.js:60:32)
    at bodyParser (E:\forever25\tricolorcat\serve\node_modules\.pnpm\registry.npmmirror.com+koa-bodyparser@4.3.0\node_modules\koa-bodyparser\index.js:95:5)
    at E:\forever25\tricolorcat\serve\node_modules\.pnpm\registry.npmmirror.com+koa-log4@2.3.2\node_modules\koa-log4\koa-logger.js:86:7
[2022-08-04T18:25:14.136] [ERROR] application - Executing (default): SELECT `id`, `username`, `password`, `email`, `phone`, `status`, `createdAt`, `updatedAt` FROM `sys_users` AS `u` WHERE `u`.`username` = 'aaa' AND `u`.`password` = 'e587bab8005bbcff9587afa330762f04';
[2022-08-04T18:25:14.184] [ERROR] application - Error: Expected "payload" to be a plain object.
    at validate (E:\forever25\tricolorcat\serve\node_modules\.pnpm\registry.npmmirror.com+jsonwebtoken@8.5.1\node_modules\jsonwebtoken\sign.js:40:11)
    at validatePayload (E:\forever25\tricolorcat\serve\node_modules\.pnpm\registry.npmmirror.com+jsonwebtoken@8.5.1\node_modules\jsonwebtoken\sign.js:62:10)
    at Object.sign (E:\forever25\tricolorcat\serve\node_modules\.pnpm\registry.npmmirror.com+jsonwebtoken@8.5.1\node_modules\jsonwebtoken\sign.js:114:7)
    at login (E:\forever25\tricolorcat\serve\dist\/main.js:1:3124)
    at processTicksAndRejections (node:internal/process/task_queues:96:5)
    at cors (E:\forever25\tricolorcat\serve\node_modules\.pnpm\registry.npmmirror.com+@koa+cors@3.3.0\node_modules\@koa\cors\index.js:60:32)
    at bodyParser (E:\forever25\tricolorcat\serve\node_modules\.pnpm\registry.npmmirror.com+koa-bodyparser@4.3.0\node_modules\koa-bodyparser\index.js:95:5)
    at E:\forever25\tricolorcat\serve\node_modules\.pnpm\registry.npmmirror.com+koa-log4@2.3.2\node_modules\koa-log4\koa-logger.js:86:7
[2022-08-04T18:25:58.261] [ERROR] application - Executing (default): SELECT `id`, `username`, `password`, `email`, `phone`, `status`, `createdAt`, `updatedAt` FROM `sys_users` AS `u` WHERE `u`.`username` = 'aaa' AND `u`.`password` = 'e587bab8005bbcff9587afa330762f04';
[2022-08-04T18:25:58.302] [ERROR] application - Error: Expected "payload" to be a plain object.
    at validate (E:\forever25\tricolorcat\serve\node_modules\.pnpm\registry.npmmirror.com+jsonwebtoken@8.5.1\node_modules\jsonwebtoken\sign.js:40:11)
    at validatePayload (E:\forever25\tricolorcat\serve\node_modules\.pnpm\registry.npmmirror.com+jsonwebtoken@8.5.1\node_modules\jsonwebtoken\sign.js:62:10)
    at Object.sign (E:\forever25\tricolorcat\serve\node_modules\.pnpm\registry.npmmirror.com+jsonwebtoken@8.5.1\node_modules\jsonwebtoken\sign.js:114:7)
    at login (E:\forever25\tricolorcat\serve\dist\/main.js:1:3124)
    at processTicksAndRejections (node:internal/process/task_queues:96:5)
    at cors (E:\forever25\tricolorcat\serve\node_modules\.pnpm\registry.npmmirror.com+@koa+cors@3.3.0\node_modules\@koa\cors\index.js:60:32)
    at bodyParser (E:\forever25\tricolorcat\serve\node_modules\.pnpm\registry.npmmirror.com+koa-bodyparser@4.3.0\node_modules\koa-bodyparser\index.js:95:5)
    at E:\forever25\tricolorcat\serve\node_modules\.pnpm\registry.npmmirror.com+koa-log4@2.3.2\node_modules\koa-log4\koa-logger.js:86:7
[2022-08-04T18:26:09.438] [ERROR] application - Executing (default): SELECT `id`, `username`, `password`, `email`, `phone`, `status`, `createdAt`, `updatedAt` FROM `sys_users` AS `u` WHERE `u`.`username` = 'aaa' AND `u`.`password` = 'e587bab8005bbcff9587afa330762f04';
[2022-08-04T18:26:09.478] [ERROR] application - Error: Expected "payload" to be a plain object.
    at validate (E:\forever25\tricolorcat\serve\node_modules\.pnpm\registry.npmmirror.com+jsonwebtoken@8.5.1\node_modules\jsonwebtoken\sign.js:40:11)
    at validatePayload (E:\forever25\tricolorcat\serve\node_modules\.pnpm\registry.npmmirror.com+jsonwebtoken@8.5.1\node_modules\jsonwebtoken\sign.js:62:10)
    at Object.sign (E:\forever25\tricolorcat\serve\node_modules\.pnpm\registry.npmmirror.com+jsonwebtoken@8.5.1\node_modules\jsonwebtoken\sign.js:114:7)
    at login (E:\forever25\tricolorcat\serve\dist\/main.js:1:3124)
    at processTicksAndRejections (node:internal/process/task_queues:96:5)
    at cors (E:\forever25\tricolorcat\serve\node_modules\.pnpm\registry.npmmirror.com+@koa+cors@3.3.0\node_modules\@koa\cors\index.js:60:32)
    at bodyParser (E:\forever25\tricolorcat\serve\node_modules\.pnpm\registry.npmmirror.com+koa-bodyparser@4.3.0\node_modules\koa-bodyparser\index.js:95:5)
    at E:\forever25\tricolorcat\serve\node_modules\.pnpm\registry.npmmirror.com+koa-log4@2.3.2\node_modules\koa-log4\koa-logger.js:86:7
[2022-08-04T18:30:13.093] [ERROR] application - Executing (default): SELECT `id`, `username`, `password`, `email`, `phone`, `status`, `createdAt`, `updatedAt` FROM `sys_users` AS `u` WHERE `u`.`username` = 'aaa' AND `u`.`password` = 'e587bab8005bbcff9587afa330762f04';
[2022-08-04T18:30:13.141] [ERROR] application - Error: Expected "payload" to be a plain object.
    at validate (E:\forever25\tricolorcat\serve\node_modules\.pnpm\registry.npmmirror.com+jsonwebtoken@8.5.1\node_modules\jsonwebtoken\sign.js:40:11)
    at validatePayload (E:\forever25\tricolorcat\serve\node_modules\.pnpm\registry.npmmirror.com+jsonwebtoken@8.5.1\node_modules\jsonwebtoken\sign.js:62:10)
    at Object.sign (E:\forever25\tricolorcat\serve\node_modules\.pnpm\registry.npmmirror.com+jsonwebtoken@8.5.1\node_modules\jsonwebtoken\sign.js:114:7)
    at login (E:\forever25\tricolorcat\serve\dist\/main.js:1:3101)
    at processTicksAndRejections (node:internal/process/task_queues:96:5)
    at cors (E:\forever25\tricolorcat\serve\node_modules\.pnpm\registry.npmmirror.com+@koa+cors@3.3.0\node_modules\@koa\cors\index.js:60:32)
    at bodyParser (E:\forever25\tricolorcat\serve\node_modules\.pnpm\registry.npmmirror.com+koa-bodyparser@4.3.0\node_modules\koa-bodyparser\index.js:95:5)
    at E:\forever25\tricolorcat\serve\node_modules\.pnpm\registry.npmmirror.com+koa-log4@2.3.2\node_modules\koa-log4\koa-logger.js:86:7
[2022-08-04T18:30:43.429] [ERROR] application - Executing (default): SELECT `id`, `username`, `password`, `email`, `phone`, `status`, `createdAt`, `updatedAt` FROM `sys_users` AS `u` WHERE `u`.`username` = 'aaa' AND `u`.`password` = 'e587bab8005bbcff9587afa330762f04';
[2022-08-04T18:30:43.523] [ERROR] application - ReferenceError: token is not defined
    at login (E:\forever25\tricolorcat\serve\dist\/main.js:1:3180)
    at processTicksAndRejections (node:internal/process/task_queues:96:5)
    at cors (E:\forever25\tricolorcat\serve\node_modules\.pnpm\registry.npmmirror.com+@koa+cors@3.3.0\node_modules\@koa\cors\index.js:60:32)
    at bodyParser (E:\forever25\tricolorcat\serve\node_modules\.pnpm\registry.npmmirror.com+koa-bodyparser@4.3.0\node_modules\koa-bodyparser\index.js:95:5)
    at E:\forever25\tricolorcat\serve\node_modules\.pnpm\registry.npmmirror.com+koa-log4@2.3.2\node_modules\koa-log4\koa-logger.js:86:7
[2022-08-04T18:31:34.874] [ERROR] application - Executing (default): SELECT `id`, `username`, `password`, `email`, `phone`, `status`, `createdAt`, `updatedAt` FROM `sys_users` AS `u` WHERE `u`.`username` = 'aaa' AND `u`.`password` = 'e587bab8005bbcff9587afa330762f04';
[2022-08-04T18:31:34.982] [ERROR] application - ReferenceError: token is not defined
    at login (E:\forever25\tricolorcat\serve\dist\/main.js:1:3212)
    at processTicksAndRejections (node:internal/process/task_queues:96:5)
    at cors (E:\forever25\tricolorcat\serve\node_modules\.pnpm\registry.npmmirror.com+@koa+cors@3.3.0\node_modules\@koa\cors\index.js:60:32)
    at bodyParser (E:\forever25\tricolorcat\serve\node_modules\.pnpm\registry.npmmirror.com+koa-bodyparser@4.3.0\node_modules\koa-bodyparser\index.js:95:5)
    at E:\forever25\tricolorcat\serve\node_modules\.pnpm\registry.npmmirror.com+koa-log4@2.3.2\node_modules\koa-log4\koa-logger.js:86:7
[2022-08-04T18:32:23.791] [ERROR] application - Executing (default): SELECT `id`, `username`, `password`, `email`, `phone`, `status`, `createdAt`, `updatedAt` FROM `sys_users` AS `u` WHERE `u`.`username` = 'aaa' AND `u`.`password` = 'e587bab8005bbcff9587afa330762f04';
[2022-08-04T18:32:23.862] [ERROR] application - ReferenceError: token is not defined
    at login (E:\forever25\tricolorcat\serve\dist\/main.js:1:3223)
    at processTicksAndRejections (node:internal/process/task_queues:96:5)
    at cors (E:\forever25\tricolorcat\serve\node_modules\.pnpm\registry.npmmirror.com+@koa+cors@3.3.0\node_modules\@koa\cors\index.js:60:32)
    at bodyParser (E:\forever25\tricolorcat\serve\node_modules\.pnpm\registry.npmmirror.com+koa-bodyparser@4.3.0\node_modules\koa-bodyparser\index.js:95:5)
    at E:\forever25\tricolorcat\serve\node_modules\.pnpm\registry.npmmirror.com+koa-log4@2.3.2\node_modules\koa-log4\koa-logger.js:86:7
[2022-08-04T18:32:43.591] [ERROR] application - Executing (default): SELECT `id`, `username`, `password`, `email`, `phone`, `status`, `createdAt`, `updatedAt` FROM `sys_users` AS `u` WHERE `u`.`username` = 'aaa' AND `u`.`password` = 'e587bab8005bbcff9587afa330762f04';
[2022-08-04T18:32:43.631] [ERROR] application - ReferenceError: token is not defined
    at login (E:\forever25\tricolorcat\serve\dist\/main.js:1:3208)
    at processTicksAndRejections (node:internal/process/task_queues:96:5)
    at cors (E:\forever25\tricolorcat\serve\node_modules\.pnpm\registry.npmmirror.com+@koa+cors@3.3.0\node_modules\@koa\cors\index.js:60:32)
    at bodyParser (E:\forever25\tricolorcat\serve\node_modules\.pnpm\registry.npmmirror.com+koa-bodyparser@4.3.0\node_modules\koa-bodyparser\index.js:95:5)
    at E:\forever25\tricolorcat\serve\node_modules\.pnpm\registry.npmmirror.com+koa-log4@2.3.2\node_modules\koa-log4\koa-logger.js:86:7
[2022-08-04T18:33:15.723] [ERROR] application - Executing (default): SELECT `id`, `username`, `password`, `email`, `phone`, `status`, `createdAt`, `updatedAt` FROM `sys_users` AS `l` WHERE `l`.`username` = 'aaa' AND `l`.`password` = 'e587bab8005bbcff9587afa330762f04';
[2022-08-04T18:33:15.757] [ERROR] application - ReferenceError: token is not defined
    at login (E:\forever25\tricolorcat\serve\dist\/main.js:1:3239)
    at processTicksAndRejections (node:internal/process/task_queues:96:5)
    at cors (E:\forever25\tricolorcat\serve\node_modules\.pnpm\registry.npmmirror.com+@koa+cors@3.3.0\node_modules\@koa\cors\index.js:60:32)
    at bodyParser (E:\forever25\tricolorcat\serve\node_modules\.pnpm\registry.npmmirror.com+koa-bodyparser@4.3.0\node_modules\koa-bodyparser\index.js:95:5)
    at E:\forever25\tricolorcat\serve\node_modules\.pnpm\registry.npmmirror.com+koa-log4@2.3.2\node_modules\koa-log4\koa-logger.js:86:7
[2022-08-04T18:33:39.085] [ERROR] application - Executing (default): SELECT `id`, `username`, `password`, `email`, `phone`, `status`, `createdAt`, `updatedAt` FROM `sys_users` AS `l` WHERE `l`.`username` = 'aaa' AND `l`.`password` = 'e587bab8005bbcff9587afa330762f04';
