[2022-08-07T11:42:30.954] [ERROR] application - Executing (default): SELECT count(*) AS `count` FROM `sys_roles` AS `o` WHERE `o`.`roleName` LIKE '%NaN%';
[2022-08-07T11:42:30.956] [ERROR] application - Executing (default): SELECT `id`, `roleName`, `roleCode`, `isDefault`, `status`, `createdAt`, `updatedAt` FROM `sys_roles` AS `o` WHERE `o`.`roleName` LIKE '%NaN%' LIMIT 0, 10;
[2022-08-07T11:43:26.348] [ERROR] application - SyntaxError: Unexpected token } in JSON at position 153
    at JSON.parse (<anonymous>)
    at parse (E:\forever25\tricolorcat\serve\node_modules\.pnpm\registry.npmmirror.com+co-body@6.1.0\node_modules\co-body\lib\json.js:57:17)
    at AsyncFunction.module.exports [as json] (E:\forever25\tricolorcat\serve\node_modules\.pnpm\registry.npmmirror.com+co-body@6.1.0\node_modules\co-body\lib\json.js:41:20)
    at processTicksAndRejections (node:internal/process/task_queues:96:5)
    at parseBody (E:\forever25\tricolorcat\serve\node_modules\.pnpm\registry.npmmirror.com+koa-bodyparser@4.3.0\node_modules\koa-bodyparser\index.js:100:14)
    at bodyParser (E:\forever25\tricolorcat\serve\node_modules\.pnpm\registry.npmmirror.com+koa-bodyparser@4.3.0\node_modules\koa-bodyparser\index.js:85:19)
    at E:\forever25\tricolorcat\serve\node_modules\.pnpm\registry.npmmirror.com+koa-log4@2.3.2\node_modules\koa-log4\koa-logger.js:86:7 {
  status: 400,
  body: '{\r\n' +
    '    "username":"admin",\r\n' +
    '    "password":"123456",\r\n' +
    '    "phone":"15123658654",\r\n' +
    '    "email":"12312@qq.com",\r\n' +
    '    "pageIndex":1,\r\n' +
    '    "pageSize":10,\r\n' +
    '\r\n' +
    '}'
}
[2022-08-07T11:43:31.174] [ERROR] application - Executing (default): SELECT count(*) AS `count` FROM `sys_roles` AS `o` WHERE `o`.`roleName` LIKE '%NaN%';
[2022-08-07T11:43:31.177] [ERROR] application - Executing (default): SELECT `id`, `roleName`, `roleCode`, `isDefault`, `status`, `createdAt`, `updatedAt` FROM `sys_roles` AS `o` WHERE `o`.`roleName` LIKE '%NaN%' LIMIT 0, 10;
[2022-08-07T11:43:41.140] [ERROR] application - Executing (default): SELECT count(*) AS `count` FROM `sys_roles` AS `o` WHERE `o`.`roleName` LIKE '%NaN%';
[2022-08-07T11:43:41.141] [ERROR] application - Executing (default): SELECT `id`, `roleName`, `roleCode`, `isDefault`, `status`, `createdAt`, `updatedAt` FROM `sys_roles` AS `o` WHERE `o`.`roleName` LIKE '%NaN%' LIMIT 0, 10;
[2022-08-07T11:44:06.885] [ERROR] application - Executing (default): SELECT count(*) AS `count` FROM `sys_roles` AS `o` WHERE `o`.`roleName` LIKE '%管理员%';
[2022-08-07T11:44:06.904] [ERROR] application - Executing (default): SELECT `id`, `roleName`, `roleCode`, `isDefault`, `status`, `createdAt`, `updatedAt` FROM `sys_roles` AS `o` WHERE `o`.`roleName` LIKE '%管理员%' LIMIT 0, 10;
[2022-08-07T13:40:14.781] [ERROR] application - Executing (default): SELECT count(*) AS `count` FROM `sys_roles` AS `o` WHERE `o`.`roleName` LIKE '%%';
[2022-08-07T13:40:14.782] [ERROR] application - Executing (default): SELECT `id`, `roleName`, `roleCode`, `isDefault`, `status`, `createdAt`, `updatedAt` FROM `sys_roles` AS `o` WHERE `o`.`roleName` LIKE '%%' LIMIT 0, 10;
[2022-08-07T19:09:31.896] [ERROR] application - Executing (default): select 
    su.*,sr.roleName ,sr.id roleId
    from 
    monitor.sys_users su
    left join monitor.sys_user_roles sur  on su.id=sur.uid 
    left join monitor.sys_roles sr on sr.id=sur.uid 
    where 
    su.username like '%undefined%' limit 0,10;
[2022-08-07T19:09:31.959] [ERROR] application - Executing (default): SELECT FOUND_ROWS() AS count
