[2022-08-09T14:26:47.909] [ERROR] application - Executing (default): select 
    su.id ,su.username ,IFNULL(NULL,'') as password,su.email ,su.phone ,su.status ,sr.roleName ,sr.id roleId ,su.createdAt ,su.updatedAt
    from 
    monitor.sys_users su
    left join monitor.sys_user_roles sur  on su.id=sur.uid 
    left join monitor.sys_roles sr on sr.id=sur.rid 
    where 
    su.username like '%aaa%' limit 0,10;
[2022-08-09T14:27:33.881] [ERROR] application - Executing (default): select 
    su.id ,su.username ,IFNULL(NULL,'') as password,su.email ,su.phone ,su.status ,sr.roleName ,sr.roleCode ,sr.id roleId ,su.createdAt ,su.updatedAt
    from 
    monitor.sys_users su
    left join monitor.sys_user_roles sur  on su.id=sur.uid 
    left join monitor.sys_roles sr on sr.id=sur.rid 
    where 
    su.username like '%aaa%' limit 0,10;
[2022-08-09T14:28:49.577] [ERROR] application - Executing (default): select 
    su.id ,su.username ,IFNULL(NULL,'') as password,su.email ,su.phone ,su.status ,sr.roleName ,sr.roleCode ,sr.id roleId ,su.createdAt ,su.updatedAt
    from 
    monitor.sys_users su
    left join monitor.sys_user_roles sur  on su.id=sur.uid 
    left join monitor.sys_roles sr on sr.id=sur.rid 
    where 
    su.username like '%login%' limit 0,10;
[2022-08-09T14:29:26.167] [ERROR] application - Executing (default): select 
    su.id ,su.username ,IFNULL(NULL,'') as password,su.email ,su.phone ,su.status ,sr.roleName ,sr.roleCode ,sr.id roleId ,su.createdAt ,su.updatedAt
    from 
    monitor.sys_users su
    left join monitor.sys_user_roles sur  on su.id=sur.uid 
    left join monitor.sys_roles sr on sr.id=sur.rid 
    where 
    su.username like '%login%' limit 0,10;
[2022-08-09T14:29:57.579] [ERROR] application - Executing (default): select 
    su.id ,su.username ,IFNULL(NULL,'') as password,su.email ,su.phone ,su.status ,sr.roleName ,sr.roleCode ,sr.id roleId ,su.createdAt ,su.updatedAt
    from 
    monitor.sys_users su
    left join monitor.sys_user_roles sur  on su.id=sur.uid 
    left join monitor.sys_roles sr on sr.id=sur.rid 
    where 
    su.username like '%login%' limit 0,10;
[2022-08-09T14:30:33.097] [ERROR] application - Executing (default): select 
    su.id ,su.username ,IFNULL(NULL,'') as password,su.email ,su.phone ,su.status ,sr.roleName ,sr.roleCode ,sr.id roleId ,su.createdAt ,su.updatedAt
    from 
    monitor.sys_users su
    left join monitor.sys_user_roles sur  on su.id=sur.uid 
    left join monitor.sys_roles sr on sr.id=sur.rid 
    where 
    su.username like '%login%' limit 0,10;
[2022-08-09T14:30:51.062] [ERROR] application - Executing (default): select 
    su.id ,su.username ,IFNULL(NULL,'') as password,su.email ,su.phone ,su.status ,sr.roleName ,sr.roleCode ,sr.id roleId ,su.createdAt ,su.updatedAt
    from 
    monitor.sys_users su
    left join monitor.sys_user_roles sur  on su.id=sur.uid 
    left join monitor.sys_roles sr on sr.id=sur.rid 
    where 
    su.username like '%login%' limit 0,10;
[2022-08-09T14:31:16.617] [ERROR] application - Executing (default): select 
    su.id ,su.username ,IFNULL(NULL,'') as password,su.email ,su.phone ,su.status ,sr.roleName ,sr.roleCode ,sr.id roleId ,su.createdAt ,su.updatedAt
    from 
    monitor.sys_users su
    left join monitor.sys_user_roles sur  on su.id=sur.uid 
    left join monitor.sys_roles sr on sr.id=sur.rid 
    where 
    su.username like '%login%' limit 0,10;
[2022-08-09T14:31:38.347] [ERROR] application - Executing (default): select 
    su.id ,su.username ,IFNULL(NULL,'') as password,su.email ,su.phone ,su.status ,sr.roleName ,sr.roleCode ,sr.id roleId ,su.createdAt ,su.updatedAt
    from 
    monitor.sys_users su
    left join monitor.sys_user_roles sur  on su.id=sur.uid 
    left join monitor.sys_roles sr on sr.id=sur.rid 
    where 
    su.username like '%login%' limit 0,10;
[2022-08-09T14:31:54.456] [ERROR] application - Executing (default): select 
    su.id ,su.username ,IFNULL(NULL,'') as password,su.email ,su.phone ,su.status ,sr.roleName ,sr.roleCode ,sr.id roleId ,su.createdAt ,su.updatedAt
    from 
    monitor.sys_users su
    left join monitor.sys_user_roles sur  on su.id=sur.uid 
    left join monitor.sys_roles sr on sr.id=sur.rid 
    where 
    su.username like '%login%' limit 0,10;
[2022-08-09T14:32:25.990] [ERROR] application - Executing (default): select 
    su.id ,su.username ,IFNULL(NULL,'') as password,su.email ,su.phone ,su.status ,sr.roleName ,sr.roleCode ,sr.id roleId ,su.createdAt ,su.updatedAt
    from 
    monitor.sys_users su
    left join monitor.sys_user_roles sur  on su.id=sur.uid 
    left join monitor.sys_roles sr on sr.id=sur.rid 
    where 
    su.username like '%login%' limit 0,10;
[2022-08-09T14:35:10.715] [ERROR] application - Executing (default): select 
    su.id ,su.username ,IFNULL(NULL,'') as password,su.email ,su.phone ,su.status ,sr.roleName ,sr.roleCode ,sr.id roleId ,su.createdAt ,su.updatedAt
    from 
    monitor.sys_users su
    left join monitor.sys_user_roles sur  on su.id=sur.uid 
    left join monitor.sys_roles sr on sr.id=sur.rid 
    where 
    su.username like '%login%' limit 0,10;
[2022-08-09T14:35:50.511] [ERROR] application - Executing (default): SELECT `id`, `username`, `password`, `email`, `phone`, `status`, `createdAt`, `updatedAt` FROM `sys_users` AS `a` WHERE `a`.`username` = 'aaa' AND `a`.`password` = 'e587bab8005bbcff9587afa330762f04';
[2022-08-09T14:35:58.824] [ERROR] application - Executing (default): SELECT `id`, `username`, `password`, `email`, `phone`, `status`, `createdAt`, `updatedAt` FROM `sys_users` AS `a` WHERE `a`.`username` = 'aaa' AND `a`.`password` = '26858c6add1b20037fdba66d32a3b020';
[2022-08-09T14:36:02.441] [ERROR] application - Executing (default): SELECT `id`, `username`, `password`, `email`, `phone`, `status`, `createdAt`, `updatedAt` FROM `sys_users` AS `a` WHERE `a`.`username` = 'aaa' AND `a`.`password` = 'e587bab8005bbcff9587afa330762f04';
[2022-08-09T14:45:07.030] [ERROR] application - Error: WHERE parameter "username" has invalid "undefined" value
    at MySQLQueryGenerator.whereItemQuery (E:\forever25\tricolorcat\serve\node_modules\.pnpm\registry.npmmirror.com+sequelize@6.21.3_mysql2@2.3.3\node_modules\sequelize\src\dialects\abstract\query-generator.js:2303:13)
    at E:\forever25\tricolorcat\serve\node_modules\.pnpm\registry.npmmirror.com+sequelize@6.21.3_mysql2@2.3.3\node_modules\sequelize\src\dialects\abstract\query-generator.js:2292:25
    at Array.forEach (<anonymous>)
    at MySQLQueryGenerator.whereItemsQuery (E:\forever25\tricolorcat\serve\node_modules\.pnpm\registry.npmmirror.com+sequelize@6.21.3_mysql2@2.3.3\node_modules\sequelize\src\dialects\abstract\query-generator.js:2290:35)
    at MySQLQueryGenerator.getWhereConditions (E:\forever25\tricolorcat\serve\node_modules\.pnpm\registry.npmmirror.com+sequelize@6.21.3_mysql2@2.3.3\node_modules\sequelize\src\dialects\abstract\query-generator.js:2718:19)
    at MySQLQueryGenerator.selectQuery (E:\forever25\tricolorcat\serve\node_modules\.pnpm\registry.npmmirror.com+sequelize@6.21.3_mysql2@2.3.3\node_modules\sequelize\src\dialects\abstract\query-generator.js:1367:28)
    at MySQLQueryInterface.select (E:\forever25\tricolorcat\serve\node_modules\.pnpm\registry.npmmirror.com+sequelize@6.21.3_mysql2@2.3.3\node_modules\sequelize\src\dialects\abstract\query-interface.js:1002:27)
    at Function.findAll (E:\forever25\tricolorcat\serve\node_modules\.pnpm\registry.npmmirror.com+sequelize@6.21.3_mysql2@2.3.3\node_modules\sequelize\src\model.js:1816:47)
    at processTicksAndRejections (node:internal/process/task_queues:96:5)
    at Function.findOne (E:\forever25\tricolorcat\serve\node_modules\.pnpm\registry.npmmirror.com+sequelize@6.21.3_mysql2@2.3.3\node_modules\sequelize\src\model.js:1982:12)
[2022-08-09T14:45:36.761] [ERROR] application - Executing (default): SELECT `id`, `username`, `password`, `email`, `phone`, `status`, `createdAt`, `updatedAt` FROM `sys_users` AS `a` WHERE `a`.`username` = 'aaa';
[2022-08-09T14:46:22.508] [ERROR] application - Executing (default): SELECT `id`, `username`, `password`, `email`, `phone`, `status`, `createdAt`, `updatedAt` FROM `sys_users` AS `a` WHERE `a`.`username` = 'aaa';
